Arguments: 
  C:\Program Files\nodejs\node.exe C:\Users\gregorys\AppData\Roaming\npm\node_modules\yarn\bin\yarn.js add bcrypt

PATH: 
  C:\Program Files\Common Files\Oracle\Java\javapath;C:\Program Files (x86)\Common Files\Oracle\Java\javapath;C:\Windows\system32;C:\Windows;C:\Windows\System32\Wbem;C:\Windows\System32\WindowsPowerShell\v1.0\;C:\Windows\System32\OpenSSH\;C:\Program Files\nodejs\;C:\Program Files\Docker\Docker\resources\bin;C:\ProgramData\DockerDesktop\version-bin;C:\spring-2.5.0\bin;C:\Users\gregorys\AppData\Local\Microsoft\WindowsApps;C:\Users\gregorys\AppData\Roaming\npm;C:\Users\gregorys\AppData\Local\Programs\Microsoft VS Code\bin;C:\Users\gregorys\AppData\Local\Programs\Git\cmd

Yarn version: 
  1.22.15

Node version: 
  14.18.0

Platform: 
  win32 x64

Trace: 
  Error: self signed certificate in certificate chain
      at TLSSocket.onConnectSecure (_tls_wrap.js:1515:34)
      at TLSSocket.emit (events.js:400:28)
      at TLSSocket._finishInit (_tls_wrap.js:937:8)
      at TLSWrap.ssl.onhandshakedone (_tls_wrap.js:709:12)

npm manifest: 
  {
    "name": "contiflowapi",
    "version": "1.0.0",
    "description": "rest point for mssql",
    "main": "index.js",
    "scripts": {
      "test": "echo \"Error: no test specified\" && exit 1"
    },
    "author": "Gregory Shoniwa",
    "license": "ISC",
    "dependencies": {
      "async": "^3.1.0",
      "axios": "^0.21.1",
      
      "bcrypt":"*",
      "bluebird": "^3.5.5",
      "body-parser": "^1.18.3",
      "cors": "^2.8.5",
      "express": "^4.16.4",
      "express-brute": "^1.0.1",
      "express-rate-limit": "^5.2.6",
      "express-slow-down": "^1.4.0",
      "jsonwebtoken": "^8.5.1",
      "mssql": "^5.1.0",
      "multer": "^1.4.1",
      "mysql": "^2.18.1",
      "node-schedule": "^1.3.2",
      "nodemailer": "^6.6.0",
      "request": "^2.88.0",
      "request-promise": "^4.2.4",
      "socket.io": "^2.4.1"
    }
  }

yarn manifest: 
  No manifest

Lockfile: 
  No lockfile
